2023-05-20 09:25:29.964 [restartedMain] DEBUG com.yutech.back.BackApplication - Running with Spring Boot v2.7.9, Spring v5.3.25
2023-05-20 09:25:54.736 [http-nio-8080-exec-1] DEBUG com.yutech.back.interceptor.SuperUsrInterceptor - /super-usr/info===进入拦截器
2023-05-20 09:25:54.737 [http-nio-8080-exec-1] DEBUG com.yutech.back.interceptor.SuperUsrInterceptor - 不是映射到方法直接通过拦截器
2023-05-20 09:25:54.905 [http-nio-8080-exec-2] DEBUG com.yutech.back.interceptor.SuperUsrInterceptor - /super-usr/info===进入拦截器
2023-05-20 09:25:54.993 [http-nio-8080-exec-2] DEBUG com.yutech.back.interceptor.SuperUsrInterceptor - 00001===的token是===eyJ0eXAiOiJKV1QiLCJhbGciOiJIUzI1NiJ9.eyJpZCI6IjAwMDAxIiwiZXhwIjoxNjg0NTA3NjI0fQ.A_5QJi8fo9ZIWkY6vOqnN54vsklEiC29YkNFDREyYSY
2023-05-20 09:25:55.517 [http-nio-8080-exec-2] DEBUG c.yutech.back.mapper.po.SuperUsrMapper.selectById - ==>  Preparing: SELECT super_usr_ID,super_usr_name,super_usr_pwd FROM super_usr WHERE super_usr_ID=? 
2023-05-20 09:25:55.537 [http-nio-8080-exec-2] DEBUG c.yutech.back.mapper.po.SuperUsrMapper.selectById - ==> Parameters: 00001(String)
2023-05-20 09:25:55.560 [http-nio-8080-exec-2] DEBUG c.yutech.back.mapper.po.SuperUsrMapper.selectById - <==      Total: 1
2023-05-20 09:26:05.562 [http-nio-8080-exec-3] DEBUG com.yutech.back.controller.SuperUsrController - 管理员登录===LoginDTO(account=00001, pwd=22222222)
2023-05-20 09:26:05.564 [http-nio-8080-exec-3] DEBUG c.yutech.back.mapper.po.SuperUsrMapper.selectById - ==>  Preparing: SELECT super_usr_ID,super_usr_name,super_usr_pwd FROM super_usr WHERE super_usr_ID=? 
2023-05-20 09:26:05.565 [http-nio-8080-exec-3] DEBUG c.yutech.back.mapper.po.SuperUsrMapper.selectById - ==> Parameters: 00001(String)
2023-05-20 09:26:05.566 [http-nio-8080-exec-3] DEBUG c.yutech.back.mapper.po.SuperUsrMapper.selectById - <==      Total: 1
2023-05-20 09:26:05.566 [http-nio-8080-exec-3] DEBUG com.yutech.back.controller.SuperUsrController - 管理员登录成功===SuperUsr(superUsrId=00001, superUsrName=admin, superUsrPwd=22222222)
2023-05-20 09:26:05.671 [http-nio-8080-exec-4] DEBUG com.yutech.back.interceptor.SuperUsrInterceptor - /super-usr/info===进入拦截器
2023-05-20 09:26:05.672 [http-nio-8080-exec-4] DEBUG com.yutech.back.interceptor.SuperUsrInterceptor - 不是映射到方法直接通过拦截器
2023-05-20 09:26:05.676 [http-nio-8080-exec-5] DEBUG com.yutech.back.interceptor.SuperUsrInterceptor - /super-usr/info===进入拦截器
2023-05-20 09:26:05.677 [http-nio-8080-exec-5] DEBUG com.yutech.back.interceptor.SuperUsrInterceptor - 00001===的token是===eyJ0eXAiOiJKV1QiLCJhbGciOiJIUzI1NiJ9.eyJpZCI6IjAwMDAxIiwiZXhwIjoxNjg0NTQ5NTY1fQ.ZqAat9vSc1uaN_3bOp6fhdiTPzTtPukT7jlc5sAWfMo
2023-05-20 09:26:05.678 [http-nio-8080-exec-5] DEBUG c.yutech.back.mapper.po.SuperUsrMapper.selectById - ==>  Preparing: SELECT super_usr_ID,super_usr_name,super_usr_pwd FROM super_usr WHERE super_usr_ID=? 
2023-05-20 09:26:05.678 [http-nio-8080-exec-5] DEBUG c.yutech.back.mapper.po.SuperUsrMapper.selectById - ==> Parameters: 00001(String)
2023-05-20 09:26:05.679 [http-nio-8080-exec-5] DEBUG c.yutech.back.mapper.po.SuperUsrMapper.selectById - <==      Total: 1
2023-05-20 09:26:05.681 [http-nio-8080-exec-5] DEBUG c.yutech.back.mapper.po.SuperUsrMapper.selectById - ==>  Preparing: SELECT super_usr_ID,super_usr_name,super_usr_pwd FROM super_usr WHERE super_usr_ID=? 
2023-05-20 09:26:05.682 [http-nio-8080-exec-5] DEBUG c.yutech.back.mapper.po.SuperUsrMapper.selectById - ==> Parameters: 00001(String)
2023-05-20 09:26:05.682 [http-nio-8080-exec-5] DEBUG c.yutech.back.mapper.po.SuperUsrMapper.selectById - <==      Total: 1
2023-05-20 09:26:05.683 [http-nio-8080-exec-5] DEBUG com.yutech.back.controller.SuperUsrController - 管理员登录成功===SuperUsr(superUsrId=00001, superUsrName=admin, superUsrPwd=22222222)
2023-05-20 09:26:06.001 [http-nio-8080-exec-6] DEBUG com.yutech.back.interceptor.UsrInterceptor - /vue-element-admin/transaction/list===进入拦截器
2023-05-20 09:26:06.002 [http-nio-8080-exec-6] DEBUG com.yutech.back.interceptor.UsrInterceptor - 不是映射到方法直接通过拦截器
2023-05-20 09:26:06.009 [http-nio-8080-exec-7] DEBUG com.yutech.back.interceptor.UsrInterceptor - /vue-element-admin/transaction/list===进入拦截器
2023-05-20 09:26:06.010 [http-nio-8080-exec-7] DEBUG com.yutech.back.interceptor.UsrInterceptor - 不是映射到方法直接通过拦截器
2023-05-20 09:26:06.017 [http-nio-8080-exec-7] DEBUG com.yutech.back.interceptor.UsrInterceptor - /error===进入拦截器
2023-05-20 09:26:06.018 [http-nio-8080-exec-7] DEBUG com.yutech.back.interceptor.UsrInterceptor - 00001===的token是===eyJ0eXAiOiJKV1QiLCJhbGciOiJIUzI1NiJ9.eyJpZCI6IjAwMDAxIiwiZXhwIjoxNjg0NTQ5NTY1fQ.ZqAat9vSc1uaN_3bOp6fhdiTPzTtPukT7jlc5sAWfMo
2023-05-20 09:26:06.023 [http-nio-8080-exec-7] DEBUG com.yutech.back.mapper.po.UsrMapper.selectById - ==>  Preparing: SELECT usr_ID,usr_email,usr_avatar,usr_vip_level,usr_account,usr_pwd,usr_phone FROM usr WHERE usr_ID=? 
2023-05-20 09:26:06.024 [http-nio-8080-exec-7] DEBUG com.yutech.back.mapper.po.UsrMapper.selectById - ==> Parameters: 00001(String)
2023-05-20 09:26:06.036 [http-nio-8080-exec-7] DEBUG com.yutech.back.mapper.po.UsrMapper.selectById - <==      Total: 0
2023-05-20 09:26:10.200 [http-nio-8080-exec-8] DEBUG com.yutech.back.interceptor.SuperUsrInterceptor - /super-usr/get-super-usr-list===进入拦截器
2023-05-20 09:26:10.200 [http-nio-8080-exec-8] DEBUG com.yutech.back.interceptor.SuperUsrInterceptor - 不是映射到方法直接通过拦截器
2023-05-20 09:26:10.206 [http-nio-8080-exec-9] DEBUG com.yutech.back.interceptor.SuperUsrInterceptor - /super-usr/get-super-usr-list===进入拦截器
2023-05-20 09:26:10.207 [http-nio-8080-exec-9] DEBUG com.yutech.back.interceptor.SuperUsrInterceptor - 00001===的token是===eyJ0eXAiOiJKV1QiLCJhbGciOiJIUzI1NiJ9.eyJpZCI6IjAwMDAxIiwiZXhwIjoxNjg0NTQ5NTY1fQ.ZqAat9vSc1uaN_3bOp6fhdiTPzTtPukT7jlc5sAWfMo
2023-05-20 09:26:10.208 [http-nio-8080-exec-9] DEBUG c.yutech.back.mapper.po.SuperUsrMapper.selectById - ==>  Preparing: SELECT super_usr_ID,super_usr_name,super_usr_pwd FROM super_usr WHERE super_usr_ID=? 
2023-05-20 09:26:10.209 [http-nio-8080-exec-9] DEBUG c.yutech.back.mapper.po.SuperUsrMapper.selectById - ==> Parameters: 00001(String)
2023-05-20 09:26:10.209 [http-nio-8080-exec-9] DEBUG c.yutech.back.mapper.po.SuperUsrMapper.selectById - <==      Total: 1
2023-05-20 09:26:10.274 [http-nio-8080-exec-9] DEBUG c.yutech.back.mapper.po.SuperUsrMapper.selectList - ==>  Preparing: SELECT super_usr_ID,super_usr_name,super_usr_pwd FROM super_usr 
2023-05-20 09:26:10.274 [http-nio-8080-exec-9] DEBUG c.yutech.back.mapper.po.SuperUsrMapper.selectList - ==> Parameters: 
2023-05-20 09:26:10.276 [http-nio-8080-exec-9] DEBUG c.yutech.back.mapper.po.SuperUsrMapper.selectList - <==      Total: 2
2023-05-20 09:26:10.276 [http-nio-8080-exec-9] DEBUG com.yutech.back.controller.SuperUsrController - 管理员信息查询成功===[SuperUsr(superUsrId=00001, superUsrName=admin, superUsrPwd=22222222), SuperUsr(superUsrId=00005, superUsrName=admin, superUsrPwd=123456789)]
2023-05-20 09:27:07.056 [http-nio-8080-exec-10] DEBUG com.yutech.back.interceptor.SuperUsrInterceptor - /super-usr/get-super-usr-list===进入拦截器
2023-05-20 09:27:07.057 [http-nio-8080-exec-10] DEBUG com.yutech.back.interceptor.SuperUsrInterceptor - 00001===的token是===eyJ0eXAiOiJKV1QiLCJhbGciOiJIUzI1NiJ9.eyJpZCI6IjAwMDAxIiwiZXhwIjoxNjg0NTQ5NTY1fQ.ZqAat9vSc1uaN_3bOp6fhdiTPzTtPukT7jlc5sAWfMo
2023-05-20 09:27:07.059 [http-nio-8080-exec-10] DEBUG c.yutech.back.mapper.po.SuperUsrMapper.selectById - ==>  Preparing: SELECT super_usr_ID,super_usr_name,super_usr_pwd FROM super_usr WHERE super_usr_ID=? 
2023-05-20 09:27:07.060 [http-nio-8080-exec-10] DEBUG c.yutech.back.mapper.po.SuperUsrMapper.selectById - ==> Parameters: 00001(String)
2023-05-20 09:27:07.063 [http-nio-8080-exec-10] DEBUG c.yutech.back.mapper.po.SuperUsrMapper.selectById - <==      Total: 1
2023-05-20 09:27:07.066 [http-nio-8080-exec-10] DEBUG c.yutech.back.mapper.po.SuperUsrMapper.selectList - ==>  Preparing: SELECT super_usr_ID,super_usr_name,super_usr_pwd FROM super_usr 
2023-05-20 09:27:07.066 [http-nio-8080-exec-10] DEBUG c.yutech.back.mapper.po.SuperUsrMapper.selectList - ==> Parameters: 
2023-05-20 09:27:07.068 [http-nio-8080-exec-10] DEBUG c.yutech.back.mapper.po.SuperUsrMapper.selectList - <==      Total: 2
2023-05-20 09:27:07.068 [http-nio-8080-exec-10] DEBUG com.yutech.back.controller.SuperUsrController - 管理员信息查询成功===[SuperUsr(superUsrId=00001, superUsrName=admin, superUsrPwd=22222222), SuperUsr(superUsrId=00005, superUsrName=admin, superUsrPwd=123456789)]
2023-05-20 09:27:47.462 [http-nio-8080-exec-1] DEBUG com.yutech.back.interceptor.SuperUsrInterceptor - /super-usr/get-super-usr-list===进入拦截器
2023-05-20 09:27:47.463 [http-nio-8080-exec-1] DEBUG com.yutech.back.interceptor.SuperUsrInterceptor - 00001===的token是===eyJ0eXAiOiJKV1QiLCJhbGciOiJIUzI1NiJ9.eyJpZCI6IjAwMDAxIiwiZXhwIjoxNjg0NTQ5NTY1fQ.ZqAat9vSc1uaN_3bOp6fhdiTPzTtPukT7jlc5sAWfMo
2023-05-20 09:27:47.465 [http-nio-8080-exec-1] DEBUG c.yutech.back.mapper.po.SuperUsrMapper.selectById - ==>  Preparing: SELECT super_usr_ID,super_usr_name,super_usr_pwd FROM super_usr WHERE super_usr_ID=? 
2023-05-20 09:27:47.465 [http-nio-8080-exec-1] DEBUG c.yutech.back.mapper.po.SuperUsrMapper.selectById - ==> Parameters: 00001(String)
2023-05-20 09:27:47.468 [http-nio-8080-exec-1] DEBUG c.yutech.back.mapper.po.SuperUsrMapper.selectById - <==      Total: 1
2023-05-20 09:27:47.471 [http-nio-8080-exec-1] DEBUG c.yutech.back.mapper.po.SuperUsrMapper.selectList - ==>  Preparing: SELECT super_usr_ID,super_usr_name,super_usr_pwd FROM super_usr 
2023-05-20 09:27:47.471 [http-nio-8080-exec-1] DEBUG c.yutech.back.mapper.po.SuperUsrMapper.selectList - ==> Parameters: 
2023-05-20 09:27:47.473 [http-nio-8080-exec-1] DEBUG c.yutech.back.mapper.po.SuperUsrMapper.selectList - <==      Total: 2
2023-05-20 09:27:47.473 [http-nio-8080-exec-1] DEBUG com.yutech.back.controller.SuperUsrController - 管理员信息查询成功===[SuperUsr(superUsrId=00001, superUsrName=admin, superUsrPwd=22222222), SuperUsr(superUsrId=00005, superUsrName=admin, superUsrPwd=123456789)]
2023-05-20 09:28:16.891 [http-nio-8080-exec-2] DEBUG com.yutech.back.interceptor.SuperUsrInterceptor - /super-usr/get-super-usr-list===进入拦截器
2023-05-20 09:28:16.891 [http-nio-8080-exec-2] DEBUG com.yutech.back.interceptor.SuperUsrInterceptor - 00001===的token是===eyJ0eXAiOiJKV1QiLCJhbGciOiJIUzI1NiJ9.eyJpZCI6IjAwMDAxIiwiZXhwIjoxNjg0NTQ5NTY1fQ.ZqAat9vSc1uaN_3bOp6fhdiTPzTtPukT7jlc5sAWfMo
2023-05-20 09:28:16.893 [http-nio-8080-exec-2] DEBUG c.yutech.back.mapper.po.SuperUsrMapper.selectById - ==>  Preparing: SELECT super_usr_ID,super_usr_name,super_usr_pwd FROM super_usr WHERE super_usr_ID=? 
2023-05-20 09:28:16.893 [http-nio-8080-exec-2] DEBUG c.yutech.back.mapper.po.SuperUsrMapper.selectById - ==> Parameters: 00001(String)
2023-05-20 09:28:16.895 [http-nio-8080-exec-2] DEBUG c.yutech.back.mapper.po.SuperUsrMapper.selectById - <==      Total: 1
2023-05-20 09:28:16.897 [http-nio-8080-exec-2] DEBUG c.yutech.back.mapper.po.SuperUsrMapper.selectList - ==>  Preparing: SELECT super_usr_ID,super_usr_name,super_usr_pwd FROM super_usr 
2023-05-20 09:28:16.897 [http-nio-8080-exec-2] DEBUG c.yutech.back.mapper.po.SuperUsrMapper.selectList - ==> Parameters: 
2023-05-20 09:28:16.899 [http-nio-8080-exec-2] DEBUG c.yutech.back.mapper.po.SuperUsrMapper.selectList - <==      Total: 2
2023-05-20 09:28:16.899 [http-nio-8080-exec-2] DEBUG com.yutech.back.controller.SuperUsrController - 管理员信息查询成功===[SuperUsr(superUsrId=00001, superUsrName=admin, superUsrPwd=22222222), SuperUsr(superUsrId=00005, superUsrName=admin, superUsrPwd=123456789)]
2023-05-20 09:28:35.325 [http-nio-8080-exec-3] DEBUG com.yutech.back.interceptor.SuperUsrInterceptor - /super-usr/info===进入拦截器
2023-05-20 09:28:35.326 [http-nio-8080-exec-3] DEBUG com.yutech.back.interceptor.SuperUsrInterceptor - 00001===的token是===eyJ0eXAiOiJKV1QiLCJhbGciOiJIUzI1NiJ9.eyJpZCI6IjAwMDAxIiwiZXhwIjoxNjg0NTQ5NTY1fQ.ZqAat9vSc1uaN_3bOp6fhdiTPzTtPukT7jlc5sAWfMo
2023-05-20 09:28:35.329 [http-nio-8080-exec-3] DEBUG c.yutech.back.mapper.po.SuperUsrMapper.selectById - ==>  Preparing: SELECT super_usr_ID,super_usr_name,super_usr_pwd FROM super_usr WHERE super_usr_ID=? 
2023-05-20 09:28:35.329 [http-nio-8080-exec-3] DEBUG c.yutech.back.mapper.po.SuperUsrMapper.selectById - ==> Parameters: 00001(String)
2023-05-20 09:28:35.330 [http-nio-8080-exec-3] DEBUG c.yutech.back.mapper.po.SuperUsrMapper.selectById - <==      Total: 1
2023-05-20 09:28:35.334 [http-nio-8080-exec-3] DEBUG c.yutech.back.mapper.po.SuperUsrMapper.selectById - ==>  Preparing: SELECT super_usr_ID,super_usr_name,super_usr_pwd FROM super_usr WHERE super_usr_ID=? 
2023-05-20 09:28:35.334 [http-nio-8080-exec-3] DEBUG c.yutech.back.mapper.po.SuperUsrMapper.selectById - ==> Parameters: 00001(String)
2023-05-20 09:28:35.335 [http-nio-8080-exec-3] DEBUG c.yutech.back.mapper.po.SuperUsrMapper.selectById - <==      Total: 1
2023-05-20 09:28:35.335 [http-nio-8080-exec-3] DEBUG com.yutech.back.controller.SuperUsrController - 管理员登录成功===SuperUsr(superUsrId=00001, superUsrName=admin, superUsrPwd=22222222)
2023-05-20 09:28:35.459 [http-nio-8080-exec-4] DEBUG com.yutech.back.interceptor.SuperUsrInterceptor - /super-usr/get-super-usr-list===进入拦截器
2023-05-20 09:28:35.460 [http-nio-8080-exec-4] DEBUG com.yutech.back.interceptor.SuperUsrInterceptor - 00001===的token是===eyJ0eXAiOiJKV1QiLCJhbGciOiJIUzI1NiJ9.eyJpZCI6IjAwMDAxIiwiZXhwIjoxNjg0NTQ5NTY1fQ.ZqAat9vSc1uaN_3bOp6fhdiTPzTtPukT7jlc5sAWfMo
2023-05-20 09:28:35.462 [http-nio-8080-exec-4] DEBUG c.yutech.back.mapper.po.SuperUsrMapper.selectById - ==>  Preparing: SELECT super_usr_ID,super_usr_name,super_usr_pwd FROM super_usr WHERE super_usr_ID=? 
2023-05-20 09:28:35.463 [http-nio-8080-exec-4] DEBUG c.yutech.back.mapper.po.SuperUsrMapper.selectById - ==> Parameters: 00001(String)
2023-05-20 09:28:35.465 [http-nio-8080-exec-4] DEBUG c.yutech.back.mapper.po.SuperUsrMapper.selectById - <==      Total: 1
2023-05-20 09:28:35.470 [http-nio-8080-exec-4] DEBUG c.yutech.back.mapper.po.SuperUsrMapper.selectList - ==>  Preparing: SELECT super_usr_ID,super_usr_name,super_usr_pwd FROM super_usr 
2023-05-20 09:28:35.470 [http-nio-8080-exec-4] DEBUG c.yutech.back.mapper.po.SuperUsrMapper.selectList - ==> Parameters: 
2023-05-20 09:28:35.472 [http-nio-8080-exec-4] DEBUG c.yutech.back.mapper.po.SuperUsrMapper.selectList - <==      Total: 2
2023-05-20 09:28:35.473 [http-nio-8080-exec-4] DEBUG com.yutech.back.controller.SuperUsrController - 管理员信息查询成功===[SuperUsr(superUsrId=00001, superUsrName=admin, superUsrPwd=22222222), SuperUsr(superUsrId=00005, superUsrName=admin, superUsrPwd=123456789)]
2023-05-20 09:29:38.731 [http-nio-8080-exec-6] DEBUG com.yutech.back.interceptor.SuperUsrInterceptor - /super-usr/get-super-usr-list===进入拦截器
2023-05-20 09:29:38.732 [http-nio-8080-exec-6] DEBUG com.yutech.back.interceptor.SuperUsrInterceptor - 00001===的token是===eyJ0eXAiOiJKV1QiLCJhbGciOiJIUzI1NiJ9.eyJpZCI6IjAwMDAxIiwiZXhwIjoxNjg0NTQ5NTY1fQ.ZqAat9vSc1uaN_3bOp6fhdiTPzTtPukT7jlc5sAWfMo
2023-05-20 09:29:38.734 [http-nio-8080-exec-6] DEBUG c.yutech.back.mapper.po.SuperUsrMapper.selectById - ==>  Preparing: SELECT super_usr_ID,super_usr_name,super_usr_pwd FROM super_usr WHERE super_usr_ID=? 
2023-05-20 09:29:38.734 [http-nio-8080-exec-6] DEBUG c.yutech.back.mapper.po.SuperUsrMapper.selectById - ==> Parameters: 00001(String)
2023-05-20 09:29:38.736 [http-nio-8080-exec-6] DEBUG c.yutech.back.mapper.po.SuperUsrMapper.selectById - <==      Total: 1
2023-05-20 09:29:38.738 [http-nio-8080-exec-6] DEBUG c.yutech.back.mapper.po.SuperUsrMapper.selectList - ==>  Preparing: SELECT super_usr_ID,super_usr_name,super_usr_pwd FROM super_usr 
2023-05-20 09:29:38.739 [http-nio-8080-exec-6] DEBUG c.yutech.back.mapper.po.SuperUsrMapper.selectList - ==> Parameters: 
2023-05-20 09:29:38.740 [http-nio-8080-exec-6] DEBUG c.yutech.back.mapper.po.SuperUsrMapper.selectList - <==      Total: 2
2023-05-20 09:29:38.740 [http-nio-8080-exec-6] DEBUG com.yutech.back.controller.SuperUsrController - 管理员信息查询成功===[SuperUsr(superUsrId=00001, superUsrName=admin, superUsrPwd=22222222), SuperUsr(superUsrId=00005, superUsrName=admin, superUsrPwd=123456789)]
2023-05-20 09:30:09.998 [http-nio-8080-exec-7] DEBUG com.yutech.back.interceptor.SuperUsrInterceptor - /super-usr/add-super-usr===进入拦截器
2023-05-20 09:30:09.998 [http-nio-8080-exec-7] DEBUG com.yutech.back.interceptor.SuperUsrInterceptor - 不是映射到方法直接通过拦截器
2023-05-20 09:30:10.002 [http-nio-8080-exec-8] DEBUG com.yutech.back.interceptor.SuperUsrInterceptor - /super-usr/add-super-usr===进入拦截器
2023-05-20 09:30:10.003 [http-nio-8080-exec-8] DEBUG com.yutech.back.interceptor.SuperUsrInterceptor - 00001===的token是===eyJ0eXAiOiJKV1QiLCJhbGciOiJIUzI1NiJ9.eyJpZCI6IjAwMDAxIiwiZXhwIjoxNjg0NTQ5NTY1fQ.ZqAat9vSc1uaN_3bOp6fhdiTPzTtPukT7jlc5sAWfMo
2023-05-20 09:30:10.004 [http-nio-8080-exec-8] DEBUG c.yutech.back.mapper.po.SuperUsrMapper.selectById - ==>  Preparing: SELECT super_usr_ID,super_usr_name,super_usr_pwd FROM super_usr WHERE super_usr_ID=? 
2023-05-20 09:30:10.004 [http-nio-8080-exec-8] DEBUG c.yutech.back.mapper.po.SuperUsrMapper.selectById - ==> Parameters: 00001(String)
2023-05-20 09:30:10.006 [http-nio-8080-exec-8] DEBUG c.yutech.back.mapper.po.SuperUsrMapper.selectById - <==      Total: 1
2023-05-20 09:30:10.170 [http-nio-8080-exec-8] DEBUG com.yutech.back.mapper.po.SuperUsrMapper.selectOne - ==>  Preparing: SELECT super_usr_ID,super_usr_name,super_usr_pwd FROM super_usr WHERE (super_usr_ID = ?) 
2023-05-20 09:30:10.170 [http-nio-8080-exec-8] DEBUG com.yutech.back.mapper.po.SuperUsrMapper.selectOne - ==> Parameters: 00001(String)
2023-05-20 09:30:10.172 [http-nio-8080-exec-8] DEBUG com.yutech.back.mapper.po.SuperUsrMapper.selectOne - <==      Total: 1
2023-05-20 09:30:10.173 [http-nio-8080-exec-8] DEBUG c.yutech.back.mapper.po.SuperUsrMapper.selectById - ==>  Preparing: SELECT super_usr_ID,super_usr_name,super_usr_pwd FROM super_usr WHERE super_usr_ID=? 
2023-05-20 09:30:10.174 [http-nio-8080-exec-8] DEBUG c.yutech.back.mapper.po.SuperUsrMapper.selectById - ==> Parameters: (String)
2023-05-20 09:30:10.174 [http-nio-8080-exec-8] DEBUG c.yutech.back.mapper.po.SuperUsrMapper.selectById - <==      Total: 0
2023-05-20 09:33:36.624 [restartedMain] DEBUG com.yutech.back.BackApplication - Running with Spring Boot v2.7.9, Spring v5.3.25
