2023-05-20 09:25:29.951 [background-preinit] INFO  org.hibernate.validator.internal.util.Version - HV000001: Hibernate Validator 6.2.5.Final
2023-05-20 09:25:29.963 [restartedMain] INFO  com.yutech.back.BackApplication - Starting BackApplication using Java 11.0.12 on MSI with PID 19948 (C:\Users\AaBbCcuzim\Desktop\SoftwareEngineering-master\back\target\classes started by AaBbCcuzim in C:\Users\AaBbCcuzim\Desktop\SoftwareEngineering-master)
2023-05-20 09:25:29.967 [restartedMain] INFO  com.yutech.back.BackApplication - The following 1 profile is active: "dev"
2023-05-20 09:25:30.084 [restartedMain] INFO  o.s.b.d.env.DevToolsPropertyDefaultsPostProcessor - Devtools property defaults active! Set 'spring.devtools.add-properties' to 'false' to disable
2023-05-20 09:25:30.084 [restartedMain] INFO  o.s.b.d.env.DevToolsPropertyDefaultsPostProcessor - For additional web related logging consider setting the 'logging.level.web' property to 'DEBUG'
2023-05-20 09:25:32.296 [restartedMain] INFO  c.u.j.c.EnableEncryptablePropertiesBeanFactoryPostProcessor - Post-processing PropertySource instances
2023-05-20 09:25:32.297 [restartedMain] INFO  c.u.j.EncryptablePropertySourceConverter - Skipping PropertySource configurationProperties [class org.springframework.boot.context.properties.source.ConfigurationPropertySourcesPropertySource
2023-05-20 09:25:32.297 [restartedMain] INFO  c.u.j.EncryptablePropertySourceConverter - Skipping PropertySource servletConfigInitParams [class org.springframework.core.env.PropertySource$StubPropertySource
2023-05-20 09:25:32.297 [restartedMain] INFO  c.u.j.EncryptablePropertySourceConverter - Skipping PropertySource servletContextInitParams [class org.springframework.core.env.PropertySource$StubPropertySource
2023-05-20 09:25:32.299 [restartedMain] INFO  c.u.j.EncryptablePropertySourceConverter - Converting PropertySource systemProperties [org.springframework.core.env.PropertiesPropertySource] to EncryptableMapPropertySourceWrapper
2023-05-20 09:25:32.299 [restartedMain] INFO  c.u.j.EncryptablePropertySourceConverter - Converting PropertySource systemEnvironment [org.springframework.boot.env.SystemEnvironmentPropertySourceEnvironmentPostProcessor$OriginAwareSystemEnvironmentPropertySource] to EncryptableSystemEnvironmentPropertySourceWrapper
2023-05-20 09:25:32.299 [restartedMain] INFO  c.u.j.EncryptablePropertySourceConverter - Converting PropertySource random [org.springframework.boot.env.RandomValuePropertySource] to EncryptablePropertySourceWrapper
2023-05-20 09:25:32.300 [restartedMain] INFO  c.u.j.EncryptablePropertySourceConverter - Converting PropertySource Config resource 'class path resource [application-dev.properties]' via location 'optional:classpath:/' [org.springframework.boot.env.OriginTrackedMapPropertySource] to EncryptableMapPropertySourceWrapper
2023-05-20 09:25:32.300 [restartedMain] INFO  c.u.j.EncryptablePropertySourceConverter - Converting PropertySource Config resource 'class path resource [application.properties]' via location 'optional:classpath:/' [org.springframework.boot.env.OriginTrackedMapPropertySource] to EncryptableMapPropertySourceWrapper
2023-05-20 09:25:32.300 [restartedMain] INFO  c.u.j.EncryptablePropertySourceConverter - Converting PropertySource devtools [org.springframework.core.env.MapPropertySource] to EncryptableMapPropertySourceWrapper
2023-05-20 09:25:32.569 [restartedMain] INFO  c.u.j.filter.DefaultLazyPropertyFilter - Property Filter custom Bean not found with name 'encryptablePropertyFilter'. Initializing Default Property Filter
2023-05-20 09:25:32.576 [restartedMain] INFO  c.u.j.resolver.DefaultLazyPropertyResolver - Property Resolver custom Bean not found with name 'encryptablePropertyResolver'. Initializing Default Property Resolver
2023-05-20 09:25:32.578 [restartedMain] INFO  c.u.j.detector.DefaultLazyPropertyDetector - Property Detector custom Bean not found with name 'encryptablePropertyDetector'. Initializing Default Property Detector
2023-05-20 09:25:33.041 [restartedMain] INFO  o.s.boot.web.embedded.tomcat.TomcatWebServer - Tomcat initialized with port(s): 8080 (http)
2023-05-20 09:25:33.042 [restartedMain] INFO  org.apache.catalina.core.AprLifecycleListener - Loaded Apache Tomcat Native library [1.2.35] using APR version [1.7.0].
2023-05-20 09:25:33.042 [restartedMain] INFO  org.apache.catalina.core.AprLifecycleListener - APR capabilities: IPv6 [true], sendfile [true], accept filters [false], random [true], UDS [true].
2023-05-20 09:25:33.042 [restartedMain] INFO  org.apache.catalina.core.AprLifecycleListener - APR/OpenSSL configuration: useAprConnector [false], useOpenSSL [true]
2023-05-20 09:25:33.147 [restartedMain] INFO  org.apache.catalina.core.AprLifecycleListener - OpenSSL successfully initialized [OpenSSL 1.1.1q  5 Jul 2022]
2023-05-20 09:25:33.158 [restartedMain] INFO  org.apache.coyote.http11.Http11NioProtocol - Initializing ProtocolHandler ["http-nio-8080"]
2023-05-20 09:25:33.158 [restartedMain] INFO  org.apache.catalina.core.StandardService - Starting service [Tomcat]
2023-05-20 09:25:33.159 [restartedMain] INFO  org.apache.catalina.core.StandardEngine - Starting Servlet engine: [Apache Tomcat/9.0.71]
2023-05-20 09:25:33.338 [restartedMain] INFO  o.a.c.core.ContainerBase.[Tomcat].[localhost].[/] - Initializing Spring embedded WebApplicationContext
2023-05-20 09:25:33.339 [restartedMain] INFO  o.s.b.w.s.c.ServletWebServerApplicationContext - Root WebApplicationContext: initialization completed in 3254 ms
2023-05-20 09:25:33.515 [restartedMain] INFO  c.u.j.encryptor.DefaultLazyEncryptor - String Encryptor custom Bean not found with name 'jasyptStringEncryptor'. Initializing Default String Encryptor
2023-05-20 09:25:33.522 [restartedMain] INFO  c.u.j.configuration.StringEncryptorBuilder - Encryptor config not found for property jasypt.encryptor.key-obtention-iterations, using default value: 1000
2023-05-20 09:25:33.523 [restartedMain] INFO  c.u.j.configuration.StringEncryptorBuilder - Encryptor config not found for property jasypt.encryptor.pool-size, using default value: 1
2023-05-20 09:25:33.523 [restartedMain] INFO  c.u.j.configuration.StringEncryptorBuilder - Encryptor config not found for property jasypt.encryptor.provider-name, using default value: null
2023-05-20 09:25:33.523 [restartedMain] INFO  c.u.j.configuration.StringEncryptorBuilder - Encryptor config not found for property jasypt.encryptor.provider-class-name, using default value: null
2023-05-20 09:25:33.523 [restartedMain] INFO  c.u.j.configuration.StringEncryptorBuilder - Encryptor config not found for property jasypt.encryptor.salt-generator-classname, using default value: org.jasypt.salt.RandomSaltGenerator
2023-05-20 09:25:33.525 [restartedMain] INFO  c.u.j.configuration.StringEncryptorBuilder - Encryptor config not found for property jasypt.encryptor.iv-generator-classname, using default value: org.jasypt.iv.RandomIvGenerator
2023-05-20 09:25:33.526 [restartedMain] INFO  c.u.j.configuration.StringEncryptorBuilder - Encryptor config not found for property jasypt.encryptor.string-output-type, using default value: base64
2023-05-20 09:25:35.132 [restartedMain] INFO  o.s.b.d.autoconfigure.OptionalLiveReloadServer - LiveReload server is running on port 35729
2023-05-20 09:25:35.156 [restartedMain] INFO  o.s.b.a.web.servlet.WelcomePageHandlerMapping - Adding welcome page template: index
2023-05-20 09:25:35.909 [restartedMain] INFO  org.apache.coyote.http11.Http11NioProtocol - Starting ProtocolHandler ["http-nio-8080"]
2023-05-20 09:25:36.008 [restartedMain] INFO  o.s.boot.web.embedded.tomcat.TomcatWebServer - Tomcat started on port(s): 8080 (http) with context path ''
2023-05-20 09:25:36.008 [restartedMain] INFO  c.u.j.caching.RefreshScopeRefreshedEventListener - Refreshing cached encryptable property sources on ServletWebServerInitializedEvent
2023-05-20 09:25:36.009 [restartedMain] INFO  c.u.j.c.CachingDelegateEncryptablePropertySource - Property Source systemProperties refreshed
2023-05-20 09:25:36.009 [restartedMain] INFO  c.u.j.c.CachingDelegateEncryptablePropertySource - Property Source systemEnvironment refreshed
2023-05-20 09:25:36.009 [restartedMain] INFO  c.u.j.c.CachingDelegateEncryptablePropertySource - Property Source random refreshed
2023-05-20 09:25:36.009 [restartedMain] INFO  c.u.j.c.CachingDelegateEncryptablePropertySource - Property Source Config resource 'class path resource [application-dev.properties]' via location 'optional:classpath:/' refreshed
2023-05-20 09:25:36.009 [restartedMain] INFO  c.u.j.c.CachingDelegateEncryptablePropertySource - Property Source Config resource 'class path resource [application.properties]' via location 'optional:classpath:/' refreshed
2023-05-20 09:25:36.009 [restartedMain] INFO  c.u.j.c.CachingDelegateEncryptablePropertySource - Property Source devtools refreshed
2023-05-20 09:25:36.009 [restartedMain] INFO  c.u.j.EncryptablePropertySourceConverter - Skipping PropertySource configurationProperties [class org.springframework.boot.context.properties.source.ConfigurationPropertySourcesPropertySource
2023-05-20 09:25:36.009 [restartedMain] INFO  c.u.j.EncryptablePropertySourceConverter - Skipping PropertySource servletConfigInitParams [class org.springframework.core.env.PropertySource$StubPropertySource
2023-05-20 09:25:36.010 [restartedMain] INFO  c.u.j.EncryptablePropertySourceConverter - Converting PropertySource servletContextInitParams [org.springframework.web.context.support.ServletContextPropertySource] to EncryptableEnumerablePropertySourceWrapper
2023-05-20 09:25:36.352 [restartedMain] INFO  com.yutech.back.BackApplication - Started BackApplication in 7.594 seconds (JVM running for 12.507)
2023-05-20 09:25:54.706 [http-nio-8080-exec-1] INFO  o.a.c.core.ContainerBase.[Tomcat].[localhost].[/] - Initializing Spring DispatcherServlet 'dispatcherServlet'
2023-05-20 09:25:54.706 [http-nio-8080-exec-1] INFO  org.springframework.web.servlet.DispatcherServlet - Initializing Servlet 'dispatcherServlet'
2023-05-20 09:25:54.708 [http-nio-8080-exec-1] INFO  org.springframework.web.servlet.DispatcherServlet - Completed initialization in 2 ms
2023-05-20 09:25:55.020 [http-nio-8080-exec-2] INFO  com.zaxxer.hikari.HikariDataSource - HikariPool-1 - Starting...
2023-05-20 09:25:55.506 [http-nio-8080-exec-2] INFO  com.zaxxer.hikari.HikariDataSource - HikariPool-1 - Start completed.
2023-05-20 09:25:55.573 [http-nio-8080-exec-2] INFO  com.yutech.back.interceptor.SuperUsrInterceptor - 00001===未通过token验证
2023-05-20 09:26:05.680 [http-nio-8080-exec-5] INFO  com.yutech.back.common.utils.JwtUtil - 验证token成功，id======00001
2023-05-20 09:26:05.680 [http-nio-8080-exec-5] INFO  com.yutech.back.interceptor.SuperUsrInterceptor - 00001===通过了token验证
2023-05-20 09:26:10.210 [http-nio-8080-exec-9] INFO  com.yutech.back.common.utils.JwtUtil - 验证token成功，id======00001
2023-05-20 09:26:10.210 [http-nio-8080-exec-9] INFO  com.yutech.back.interceptor.SuperUsrInterceptor - 00001===通过了token验证
2023-05-20 09:27:07.064 [http-nio-8080-exec-10] INFO  com.yutech.back.common.utils.JwtUtil - 验证token成功，id======00001
2023-05-20 09:27:07.065 [http-nio-8080-exec-10] INFO  com.yutech.back.interceptor.SuperUsrInterceptor - 00001===通过了token验证
2023-05-20 09:27:47.469 [http-nio-8080-exec-1] INFO  com.yutech.back.common.utils.JwtUtil - 验证token成功，id======00001
2023-05-20 09:27:47.470 [http-nio-8080-exec-1] INFO  com.yutech.back.interceptor.SuperUsrInterceptor - 00001===通过了token验证
2023-05-20 09:28:16.896 [http-nio-8080-exec-2] INFO  com.yutech.back.common.utils.JwtUtil - 验证token成功，id======00001
2023-05-20 09:28:16.896 [http-nio-8080-exec-2] INFO  com.yutech.back.interceptor.SuperUsrInterceptor - 00001===通过了token验证
2023-05-20 09:28:35.331 [http-nio-8080-exec-3] INFO  com.yutech.back.common.utils.JwtUtil - 验证token成功，id======00001
2023-05-20 09:28:35.331 [http-nio-8080-exec-3] INFO  com.yutech.back.interceptor.SuperUsrInterceptor - 00001===通过了token验证
2023-05-20 09:28:35.468 [http-nio-8080-exec-4] INFO  com.yutech.back.common.utils.JwtUtil - 验证token成功，id======00001
2023-05-20 09:28:35.468 [http-nio-8080-exec-4] INFO  com.yutech.back.interceptor.SuperUsrInterceptor - 00001===通过了token验证
2023-05-20 09:29:38.737 [http-nio-8080-exec-6] INFO  com.yutech.back.common.utils.JwtUtil - 验证token成功，id======00001
2023-05-20 09:29:38.737 [http-nio-8080-exec-6] INFO  com.yutech.back.interceptor.SuperUsrInterceptor - 00001===通过了token验证
2023-05-20 09:30:10.007 [http-nio-8080-exec-8] INFO  com.yutech.back.common.utils.JwtUtil - 验证token成功，id======00001
2023-05-20 09:30:10.008 [http-nio-8080-exec-8] INFO  com.yutech.back.interceptor.SuperUsrInterceptor - 00001===通过了token验证
2023-05-20 09:33:31.908 [SpringApplicationShutdownHook] INFO  com.zaxxer.hikari.HikariDataSource - HikariPool-1 - Shutdown initiated...
2023-05-20 09:33:31.910 [SpringApplicationShutdownHook] INFO  com.zaxxer.hikari.HikariDataSource - HikariPool-1 - Shutdown completed.
2023-05-20 09:33:36.623 [restartedMain] INFO  com.yutech.back.BackApplication - Starting BackApplication using Java 11.0.12 on MSI with PID 15076 (C:\Users\AaBbCcuzim\Desktop\SoftwareEngineering-master\back\target\classes started by AaBbCcuzim in C:\Users\AaBbCcuzim\Desktop\SoftwareEngineering-master)
2023-05-20 09:33:36.622 [background-preinit] INFO  org.hibernate.validator.internal.util.Version - HV000001: Hibernate Validator 6.2.5.Final
2023-05-20 09:33:36.625 [restartedMain] INFO  com.yutech.back.BackApplication - The following 1 profile is active: "dev"
2023-05-20 09:33:36.664 [restartedMain] INFO  o.s.b.d.env.DevToolsPropertyDefaultsPostProcessor - Devtools property defaults active! Set 'spring.devtools.add-properties' to 'false' to disable
2023-05-20 09:33:36.665 [restartedMain] INFO  o.s.b.d.env.DevToolsPropertyDefaultsPostProcessor - For additional web related logging consider setting the 'logging.level.web' property to 'DEBUG'
2023-05-20 09:33:37.650 [restartedMain] INFO  c.u.j.c.EnableEncryptablePropertiesBeanFactoryPostProcessor - Post-processing PropertySource instances
2023-05-20 09:33:37.652 [restartedMain] INFO  c.u.j.EncryptablePropertySourceConverter - Skipping PropertySource configurationProperties [class org.springframework.boot.context.properties.source.ConfigurationPropertySourcesPropertySource
2023-05-20 09:33:37.652 [restartedMain] INFO  c.u.j.EncryptablePropertySourceConverter - Skipping PropertySource servletConfigInitParams [class org.springframework.core.env.PropertySource$StubPropertySource
2023-05-20 09:33:37.652 [restartedMain] INFO  c.u.j.EncryptablePropertySourceConverter - Skipping PropertySource servletContextInitParams [class org.springframework.core.env.PropertySource$StubPropertySource
2023-05-20 09:33:37.654 [restartedMain] INFO  c.u.j.EncryptablePropertySourceConverter - Converting PropertySource systemProperties [org.springframework.core.env.PropertiesPropertySource] to EncryptableMapPropertySourceWrapper
2023-05-20 09:33:37.654 [restartedMain] INFO  c.u.j.EncryptablePropertySourceConverter - Converting PropertySource systemEnvironment [org.springframework.boot.env.SystemEnvironmentPropertySourceEnvironmentPostProcessor$OriginAwareSystemEnvironmentPropertySource] to EncryptableSystemEnvironmentPropertySourceWrapper
2023-05-20 09:33:37.654 [restartedMain] INFO  c.u.j.EncryptablePropertySourceConverter - Converting PropertySource random [org.springframework.boot.env.RandomValuePropertySource] to EncryptablePropertySourceWrapper
2023-05-20 09:33:37.654 [restartedMain] INFO  c.u.j.EncryptablePropertySourceConverter - Converting PropertySource Config resource 'class path resource [application-dev.properties]' via location 'optional:classpath:/' [org.springframework.boot.env.OriginTrackedMapPropertySource] to EncryptableMapPropertySourceWrapper
2023-05-20 09:33:37.654 [restartedMain] INFO  c.u.j.EncryptablePropertySourceConverter - Converting PropertySource Config resource 'class path resource [application.properties]' via location 'optional:classpath:/' [org.springframework.boot.env.OriginTrackedMapPropertySource] to EncryptableMapPropertySourceWrapper
2023-05-20 09:33:37.654 [restartedMain] INFO  c.u.j.EncryptablePropertySourceConverter - Converting PropertySource devtools [org.springframework.core.env.MapPropertySource] to EncryptableMapPropertySourceWrapper
2023-05-20 09:33:37.824 [restartedMain] INFO  c.u.j.filter.DefaultLazyPropertyFilter - Property Filter custom Bean not found with name 'encryptablePropertyFilter'. Initializing Default Property Filter
2023-05-20 09:33:37.831 [restartedMain] INFO  c.u.j.resolver.DefaultLazyPropertyResolver - Property Resolver custom Bean not found with name 'encryptablePropertyResolver'. Initializing Default Property Resolver
2023-05-20 09:33:37.832 [restartedMain] INFO  c.u.j.detector.DefaultLazyPropertyDetector - Property Detector custom Bean not found with name 'encryptablePropertyDetector'. Initializing Default Property Detector
2023-05-20 09:33:38.145 [restartedMain] INFO  o.s.boot.web.embedded.tomcat.TomcatWebServer - Tomcat initialized with port(s): 8080 (http)
2023-05-20 09:33:38.146 [restartedMain] INFO  org.apache.catalina.core.AprLifecycleListener - Loaded Apache Tomcat Native library [1.2.35] using APR version [1.7.0].
2023-05-20 09:33:38.146 [restartedMain] INFO  org.apache.catalina.core.AprLifecycleListener - APR capabilities: IPv6 [true], sendfile [true], accept filters [false], random [true], UDS [true].
2023-05-20 09:33:38.146 [restartedMain] INFO  org.apache.catalina.core.AprLifecycleListener - APR/OpenSSL configuration: useAprConnector [false], useOpenSSL [true]
2023-05-20 09:33:38.151 [restartedMain] INFO  org.apache.catalina.core.AprLifecycleListener - OpenSSL successfully initialized [OpenSSL 1.1.1q  5 Jul 2022]
2023-05-20 09:33:38.159 [restartedMain] INFO  org.apache.coyote.http11.Http11NioProtocol - Initializing ProtocolHandler ["http-nio-8080"]
2023-05-20 09:33:38.160 [restartedMain] INFO  org.apache.catalina.core.StandardService - Starting service [Tomcat]
2023-05-20 09:33:38.160 [restartedMain] INFO  org.apache.catalina.core.StandardEngine - Starting Servlet engine: [Apache Tomcat/9.0.71]
2023-05-20 09:33:38.234 [restartedMain] INFO  o.a.c.core.ContainerBase.[Tomcat].[localhost].[/] - Initializing Spring embedded WebApplicationContext
2023-05-20 09:33:38.235 [restartedMain] INFO  o.s.b.w.s.c.ServletWebServerApplicationContext - Root WebApplicationContext: initialization completed in 1570 ms
2023-05-20 09:33:38.272 [restartedMain] INFO  c.u.j.encryptor.DefaultLazyEncryptor - String Encryptor custom Bean not found with name 'jasyptStringEncryptor'. Initializing Default String Encryptor
2023-05-20 09:33:38.279 [restartedMain] INFO  c.u.j.configuration.StringEncryptorBuilder - Encryptor config not found for property jasypt.encryptor.key-obtention-iterations, using default value: 1000
2023-05-20 09:33:38.279 [restartedMain] INFO  c.u.j.configuration.StringEncryptorBuilder - Encryptor config not found for property jasypt.encryptor.pool-size, using default value: 1
2023-05-20 09:33:38.279 [restartedMain] INFO  c.u.j.configuration.StringEncryptorBuilder - Encryptor config not found for property jasypt.encryptor.provider-name, using default value: null
2023-05-20 09:33:38.279 [restartedMain] INFO  c.u.j.configuration.StringEncryptorBuilder - Encryptor config not found for property jasypt.encryptor.provider-class-name, using default value: null
2023-05-20 09:33:38.280 [restartedMain] INFO  c.u.j.configuration.StringEncryptorBuilder - Encryptor config not found for property jasypt.encryptor.salt-generator-classname, using default value: org.jasypt.salt.RandomSaltGenerator
2023-05-20 09:33:38.281 [restartedMain] INFO  c.u.j.configuration.StringEncryptorBuilder - Encryptor config not found for property jasypt.encryptor.iv-generator-classname, using default value: org.jasypt.iv.RandomIvGenerator
2023-05-20 09:33:38.281 [restartedMain] INFO  c.u.j.configuration.StringEncryptorBuilder - Encryptor config not found for property jasypt.encryptor.string-output-type, using default value: base64
2023-05-20 09:33:39.151 [restartedMain] INFO  o.s.b.d.autoconfigure.OptionalLiveReloadServer - LiveReload server is running on port 35729
2023-05-20 09:33:39.170 [restartedMain] INFO  o.s.b.a.web.servlet.WelcomePageHandlerMapping - Adding welcome page template: index
2023-05-20 09:33:39.381 [restartedMain] INFO  org.apache.coyote.http11.Http11NioProtocol - Starting ProtocolHandler ["http-nio-8080"]
2023-05-20 09:33:39.395 [restartedMain] INFO  o.s.boot.web.embedded.tomcat.TomcatWebServer - Tomcat started on port(s): 8080 (http) with context path ''
2023-05-20 09:33:39.396 [restartedMain] INFO  c.u.j.caching.RefreshScopeRefreshedEventListener - Refreshing cached encryptable property sources on ServletWebServerInitializedEvent
2023-05-20 09:33:39.396 [restartedMain] INFO  c.u.j.c.CachingDelegateEncryptablePropertySource - Property Source systemProperties refreshed
2023-05-20 09:33:39.396 [restartedMain] INFO  c.u.j.c.CachingDelegateEncryptablePropertySource - Property Source systemEnvironment refreshed
2023-05-20 09:33:39.396 [restartedMain] INFO  c.u.j.c.CachingDelegateEncryptablePropertySource - Property Source random refreshed
2023-05-20 09:33:39.397 [restartedMain] INFO  c.u.j.c.CachingDelegateEncryptablePropertySource - Property Source Config resource 'class path resource [application-dev.properties]' via location 'optional:classpath:/' refreshed
2023-05-20 09:33:39.397 [restartedMain] INFO  c.u.j.c.CachingDelegateEncryptablePropertySource - Property Source Config resource 'class path resource [application.properties]' via location 'optional:classpath:/' refreshed
2023-05-20 09:33:39.397 [restartedMain] INFO  c.u.j.c.CachingDelegateEncryptablePropertySource - Property Source devtools refreshed
2023-05-20 09:33:39.397 [restartedMain] INFO  c.u.j.EncryptablePropertySourceConverter - Skipping PropertySource configurationProperties [class org.springframework.boot.context.properties.source.ConfigurationPropertySourcesPropertySource
2023-05-20 09:33:39.397 [restartedMain] INFO  c.u.j.EncryptablePropertySourceConverter - Skipping PropertySource servletConfigInitParams [class org.springframework.core.env.PropertySource$StubPropertySource
2023-05-20 09:33:39.397 [restartedMain] INFO  c.u.j.EncryptablePropertySourceConverter - Converting PropertySource servletContextInitParams [org.springframework.web.context.support.ServletContextPropertySource] to EncryptableEnumerablePropertySourceWrapper
2023-05-20 09:33:39.659 [restartedMain] INFO  com.yutech.back.BackApplication - Started BackApplication in 3.417 seconds (JVM running for 4.276)
