2023-05-18 15:56:24.275 [restartedMain] WARN  c.b.mybatisplus.core.metadata.TableInfoHelper - Warn: Could not find @TableId in Class: com.yutech.back.entity.po.Passenger.
2023-05-18 15:56:24.437 [restartedMain] WARN  c.b.mybatisplus.core.metadata.TableInfoHelper - Warn: Could not find @TableId in Class: com.yutech.back.entity.po.TrainNumberInfoDetail.
2023-05-18 15:56:24.454 [restartedMain] WARN  c.b.mybatisplus.core.metadata.TableInfoHelper - Warn: Could not find @TableId in Class: com.yutech.back.entity.po.TrainNumberInfo.
2023-05-18 15:56:24.495 [restartedMain] WARN  c.b.mybatisplus.core.metadata.TableInfoHelper - Warn: Could not find @TableId in Class: com.yutech.back.entity.po.AbnormalRecord.
2023-05-18 15:56:24.527 [restartedMain] WARN  c.b.mybatisplus.core.metadata.TableInfoHelper - Warn: Could not find @TableId in Class: com.yutech.back.entity.po.FlightInfoDetail.
2023-05-18 15:56:24.541 [restartedMain] WARN  c.b.mybatisplus.core.metadata.TableInfoHelper - Warn: Could not find @TableId in Class: com.yutech.back.entity.po.FlightInfo.
2023-05-18 15:56:24.570 [restartedMain] WARN  c.b.mybatisplus.core.metadata.TableInfoHelper - Warn: Could not find @TableId in Class: com.yutech.back.entity.po.RailwayCarriageInfo.
2023-05-18 15:56:24.814 [restartedMain] WARN  com.github.jeffreyning.mybatisplus.conf.PlusConfig - mpp.entityBasePath is null skip scan result map
2023-05-18 15:56:41.464 [restartedMain] WARN  c.b.mybatisplus.core.metadata.TableInfoHelper - Warn: Could not find @TableId in Class: com.yutech.back.entity.po.Passenger.
2023-05-18 15:56:41.604 [restartedMain] WARN  c.b.mybatisplus.core.metadata.TableInfoHelper - Warn: Could not find @TableId in Class: com.yutech.back.entity.po.TrainNumberInfoDetail.
2023-05-18 15:56:41.624 [restartedMain] WARN  c.b.mybatisplus.core.metadata.TableInfoHelper - Warn: Could not find @TableId in Class: com.yutech.back.entity.po.TrainNumberInfo.
2023-05-18 15:56:41.666 [restartedMain] WARN  c.b.mybatisplus.core.metadata.TableInfoHelper - Warn: Could not find @TableId in Class: com.yutech.back.entity.po.AbnormalRecord.
2023-05-18 15:56:41.716 [restartedMain] WARN  c.b.mybatisplus.core.metadata.TableInfoHelper - Warn: Could not find @TableId in Class: com.yutech.back.entity.po.FlightInfoDetail.
2023-05-18 15:56:41.742 [restartedMain] WARN  c.b.mybatisplus.core.metadata.TableInfoHelper - Warn: Could not find @TableId in Class: com.yutech.back.entity.po.FlightInfo.
2023-05-18 15:56:41.788 [restartedMain] WARN  c.b.mybatisplus.core.metadata.TableInfoHelper - Warn: Could not find @TableId in Class: com.yutech.back.entity.po.RailwayCarriageInfo.
2023-05-18 15:56:42.020 [restartedMain] WARN  com.github.jeffreyning.mybatisplus.conf.PlusConfig - mpp.entityBasePath is null skip scan result map
2023-05-18 16:01:23.532 [restartedMain] WARN  c.b.mybatisplus.core.metadata.TableInfoHelper - Warn: Could not find @TableId in Class: com.yutech.back.entity.po.Passenger.
2023-05-18 16:01:23.682 [restartedMain] WARN  c.b.mybatisplus.core.metadata.TableInfoHelper - Warn: Could not find @TableId in Class: com.yutech.back.entity.po.TrainNumberInfoDetail.
2023-05-18 16:01:23.700 [restartedMain] WARN  c.b.mybatisplus.core.metadata.TableInfoHelper - Warn: Could not find @TableId in Class: com.yutech.back.entity.po.TrainNumberInfo.
2023-05-18 16:01:23.740 [restartedMain] WARN  c.b.mybatisplus.core.metadata.TableInfoHelper - Warn: Could not find @TableId in Class: com.yutech.back.entity.po.AbnormalRecord.
2023-05-18 16:01:23.780 [restartedMain] WARN  c.b.mybatisplus.core.metadata.TableInfoHelper - Warn: Could not find @TableId in Class: com.yutech.back.entity.po.FlightInfoDetail.
2023-05-18 16:01:23.799 [restartedMain] WARN  c.b.mybatisplus.core.metadata.TableInfoHelper - Warn: Could not find @TableId in Class: com.yutech.back.entity.po.FlightInfo.
2023-05-18 16:01:23.850 [restartedMain] WARN  c.b.mybatisplus.core.metadata.TableInfoHelper - Warn: Could not find @TableId in Class: com.yutech.back.entity.po.RailwayCarriageInfo.
2023-05-18 16:01:24.055 [restartedMain] WARN  com.github.jeffreyning.mybatisplus.conf.PlusConfig - mpp.entityBasePath is null skip scan result map
2023-05-19 21:10:20.563 [restartedMain] WARN  c.b.mybatisplus.core.metadata.TableInfoHelper - Warn: Could not find @TableId in Class: com.yutech.back.entity.po.Passenger.
2023-05-19 21:10:20.742 [restartedMain] WARN  c.b.mybatisplus.core.metadata.TableInfoHelper - Warn: Could not find @TableId in Class: com.yutech.back.entity.po.TrainNumberInfoDetail.
2023-05-19 21:10:20.764 [restartedMain] WARN  c.b.mybatisplus.core.metadata.TableInfoHelper - Warn: Could not find @TableId in Class: com.yutech.back.entity.po.TrainNumberInfo.
2023-05-19 21:10:20.806 [restartedMain] WARN  c.b.mybatisplus.core.metadata.TableInfoHelper - Warn: Could not find @TableId in Class: com.yutech.back.entity.po.AbnormalRecord.
2023-05-19 21:10:20.843 [restartedMain] WARN  c.b.mybatisplus.core.metadata.TableInfoHelper - Warn: Could not find @TableId in Class: com.yutech.back.entity.po.FlightInfoDetail.
2023-05-19 21:10:20.867 [restartedMain] WARN  c.b.mybatisplus.core.metadata.TableInfoHelper - Warn: Could not find @TableId in Class: com.yutech.back.entity.po.FlightInfo.
2023-05-19 21:10:20.899 [restartedMain] WARN  c.b.mybatisplus.core.metadata.TableInfoHelper - Warn: Could not find @TableId in Class: com.yutech.back.entity.po.RailwayCarriageInfo.
2023-05-19 21:10:21.148 [restartedMain] WARN  com.github.jeffreyning.mybatisplus.conf.PlusConfig - mpp.entityBasePath is null skip scan result map
2023-05-19 21:10:44.427 [http-nio-8080-exec-3] WARN  o.s.w.s.m.m.a.ExceptionHandlerExceptionResolver - Resolved [java.lang.NullPointerException]
2023-05-19 21:10:53.953 [http-nio-8080-exec-9] WARN  o.s.w.s.m.m.a.ExceptionHandlerExceptionResolver - Resolved [org.springframework.validation.BindException: org.springframework.validation.BeanPropertyBindingResult: 2 errors<EOL>Field error in object 'superUsrOperationDTO' on field 'requestMaker': rejected value [{"superUsrId":"00001","superUsrName":""}]; codes [typeMismatch.superUsrOperationDTO.requestMaker,typeMismatch.requestMaker,typeMismatch.com.yutech.back.entity.po.SuperUsr,typeMismatch]; arguments [org.springframework.context.support.DefaultMessageSourceResolvable: codes [superUsrOperationDTO.requestMaker,requestMaker]; arguments []; default message [requestMaker]]; default message [Failed to convert property value of type 'java.lang.String' to required type 'com.yutech.back.entity.po.SuperUsr' for property 'requestMaker'; nested exception is java.lang.IllegalStateException: Cannot convert value of type 'java.lang.String' to required type 'com.yutech.back.entity.po.SuperUsr' for property 'requestMaker': no matching editors or conversion strategy found]<EOL>Field error in object 'superUsrOperationDTO' on field 'requestTarget': rejected value [{"superUsrId":"","superUsrName":"asd","superUsrPwd":"asd"}]; codes [typeMismatch.superUsrOperationDTO.requestTarget,typeMismatch.requestTarget,typeMismatch.com.yutech.back.entity.po.SuperUsr,typeMismatch]; arguments [org.springframework.context.support.DefaultMessageSourceResolvable: codes [superUsrOperationDTO.requestTarget,requestTarget]; arguments []; default message [requestTarget]]; default message [Failed to convert property value of type 'java.lang.String' to required type 'com.yutech.back.entity.po.SuperUsr' for property 'requestTarget'; nested exception is java.lang.IllegalStateException: Cannot convert value of type 'java.lang.String' to required type 'com.yutech.back.entity.po.SuperUsr' for property 'requestTarget': no matching editors or conversion strategy found]]
2023-05-19 21:15:02.498 [http-nio-8080-exec-6] WARN  o.s.w.s.m.m.a.ExceptionHandlerExceptionResolver - Resolved [java.lang.NullPointerException]
2023-05-19 21:15:23.946 [restartedMain] WARN  c.b.mybatisplus.core.metadata.TableInfoHelper - Warn: Could not find @TableId in Class: com.yutech.back.entity.po.Passenger.
2023-05-19 21:15:24.120 [restartedMain] WARN  c.b.mybatisplus.core.metadata.TableInfoHelper - Warn: Could not find @TableId in Class: com.yutech.back.entity.po.TrainNumberInfoDetail.
2023-05-19 21:15:24.141 [restartedMain] WARN  c.b.mybatisplus.core.metadata.TableInfoHelper - Warn: Could not find @TableId in Class: com.yutech.back.entity.po.TrainNumberInfo.
2023-05-19 21:15:24.185 [restartedMain] WARN  c.b.mybatisplus.core.metadata.TableInfoHelper - Warn: Could not find @TableId in Class: com.yutech.back.entity.po.AbnormalRecord.
2023-05-19 21:15:24.219 [restartedMain] WARN  c.b.mybatisplus.core.metadata.TableInfoHelper - Warn: Could not find @TableId in Class: com.yutech.back.entity.po.FlightInfoDetail.
2023-05-19 21:15:24.237 [restartedMain] WARN  c.b.mybatisplus.core.metadata.TableInfoHelper - Warn: Could not find @TableId in Class: com.yutech.back.entity.po.FlightInfo.
2023-05-19 21:15:24.272 [restartedMain] WARN  c.b.mybatisplus.core.metadata.TableInfoHelper - Warn: Could not find @TableId in Class: com.yutech.back.entity.po.RailwayCarriageInfo.
2023-05-19 21:15:24.524 [restartedMain] WARN  com.github.jeffreyning.mybatisplus.conf.PlusConfig - mpp.entityBasePath is null skip scan result map
2023-05-19 21:18:12.775 [http-nio-8080-exec-10] WARN  o.s.w.s.m.m.a.ExceptionHandlerExceptionResolver - Resolved [java.lang.NullPointerException]
2023-05-19 21:20:19.568 [restartedMain] WARN  c.b.mybatisplus.core.metadata.TableInfoHelper - Warn: Could not find @TableId in Class: com.yutech.back.entity.po.Passenger.
2023-05-19 21:20:19.744 [restartedMain] WARN  c.b.mybatisplus.core.metadata.TableInfoHelper - Warn: Could not find @TableId in Class: com.yutech.back.entity.po.TrainNumberInfoDetail.
2023-05-19 21:20:19.765 [restartedMain] WARN  c.b.mybatisplus.core.metadata.TableInfoHelper - Warn: Could not find @TableId in Class: com.yutech.back.entity.po.TrainNumberInfo.
2023-05-19 21:20:19.807 [restartedMain] WARN  c.b.mybatisplus.core.metadata.TableInfoHelper - Warn: Could not find @TableId in Class: com.yutech.back.entity.po.AbnormalRecord.
2023-05-19 21:20:19.841 [restartedMain] WARN  c.b.mybatisplus.core.metadata.TableInfoHelper - Warn: Could not find @TableId in Class: com.yutech.back.entity.po.FlightInfoDetail.
2023-05-19 21:20:19.858 [restartedMain] WARN  c.b.mybatisplus.core.metadata.TableInfoHelper - Warn: Could not find @TableId in Class: com.yutech.back.entity.po.FlightInfo.
2023-05-19 21:20:19.892 [restartedMain] WARN  c.b.mybatisplus.core.metadata.TableInfoHelper - Warn: Could not find @TableId in Class: com.yutech.back.entity.po.RailwayCarriageInfo.
2023-05-19 21:20:20.137 [restartedMain] WARN  com.github.jeffreyning.mybatisplus.conf.PlusConfig - mpp.entityBasePath is null skip scan result map
2023-05-19 21:20:28.619 [http-nio-8080-exec-4] WARN  o.s.w.s.m.m.a.ExceptionHandlerExceptionResolver - Resolved [java.lang.NullPointerException]
2023-05-19 21:20:32.700 [http-nio-8080-exec-10] WARN  o.s.w.s.m.m.a.ExceptionHandlerExceptionResolver - Resolved [org.mybatis.spring.MyBatisSystemException: nested exception is org.apache.ibatis.reflection.ReflectionException: Could not set property 'superUsrId' of 'class com.yutech.back.entity.po.SuperUsr' with value '1659549601549606914' Cause: java.lang.IllegalArgumentException: argument type mismatch]
