2023-03-04 08:46:25.767 [main] INFO  com.yutech.back.TestAutoGenerator - Starting TestAutoGenerator using Java 1.8.0_131 on Qing with PID 50680 (started by yujin in C:\Users\yujin\Desktop\SEProj\back)
2023-03-04 08:46:25.773 [main] INFO  com.yutech.back.TestAutoGenerator - The following 1 profile is active: "dev"
2023-03-04 08:46:25.779 [background-preinit] INFO  org.hibernate.validator.internal.util.Version - HV000001: Hibernate Validator 6.2.5.Final
2023-03-04 08:46:27.709 [main] INFO  s.d.s.w.PropertySourcedRequestMappingHandlerMapping - Mapped URL path [/v2/api-docs] onto method [springfox.documentation.swagger2.web.Swagger2Controller#getDocumentation(String, HttpServletRequest)]
2023-03-04 08:46:28.274 [main] INFO  s.d.s.web.plugins.DocumentationPluginsBootstrapper - Context refreshed
2023-03-04 08:46:28.318 [main] INFO  s.d.s.web.plugins.DocumentationPluginsBootstrapper - Found 1 custom documentation plugin(s)
2023-03-04 08:46:28.360 [main] INFO  s.d.spring.web.scanners.ApiListingReferenceScanner - Scanning for api listing references
2023-03-04 08:46:28.532 [main] INFO  com.yutech.back.TestAutoGenerator - Started TestAutoGenerator in 3.098 seconds (JVM running for 3.874)
2023-03-04 08:48:36.191 [background-preinit] INFO  org.hibernate.validator.internal.util.Version - HV000001: Hibernate Validator 6.2.5.Final
2023-03-04 08:48:36.195 [restartedMain] INFO  com.yutech.back.BackApplication - Starting BackApplication using Java 1.8.0_131 on Qing with PID 1452 (C:\Users\yujin\Desktop\SEProj\back\target\classes started by yujin in C:\Users\yujin\Desktop\SEProj\back)
2023-03-04 08:48:36.195 [restartedMain] INFO  com.yutech.back.BackApplication - The following 1 profile is active: "dev"
2023-03-04 08:48:36.219 [restartedMain] INFO  o.s.b.d.env.DevToolsPropertyDefaultsPostProcessor - Devtools property defaults active! Set 'spring.devtools.add-properties' to 'false' to disable
2023-03-04 08:48:36.219 [restartedMain] INFO  o.s.b.d.env.DevToolsPropertyDefaultsPostProcessor - For additional web related logging consider setting the 'logging.level.web' property to 'DEBUG'
2023-03-04 08:48:37.094 [restartedMain] INFO  o.s.boot.web.embedded.tomcat.TomcatWebServer - Tomcat initialized with port(s): 8080 (http)
2023-03-04 08:48:37.101 [restartedMain] INFO  org.apache.coyote.http11.Http11NioProtocol - Initializing ProtocolHandler ["http-nio-8080"]
2023-03-04 08:48:37.102 [restartedMain] INFO  org.apache.catalina.core.StandardService - Starting service [Tomcat]
2023-03-04 08:48:37.102 [restartedMain] INFO  org.apache.catalina.core.StandardEngine - Starting Servlet engine: [Apache Tomcat/9.0.71]
2023-03-04 08:48:37.167 [restartedMain] INFO  o.a.c.core.ContainerBase.[Tomcat].[localhost].[/] - Initializing Spring embedded WebApplicationContext
2023-03-04 08:48:37.167 [restartedMain] INFO  o.s.b.w.s.c.ServletWebServerApplicationContext - Root WebApplicationContext: initialization completed in 947 ms
2023-03-04 08:48:37.634 [restartedMain] INFO  s.d.s.w.PropertySourcedRequestMappingHandlerMapping - Mapped URL path [/v2/api-docs] onto method [springfox.documentation.swagger2.web.Swagger2Controller#getDocumentation(String, HttpServletRequest)]
2023-03-04 08:48:37.724 [restartedMain] INFO  o.s.b.d.autoconfigure.OptionalLiveReloadServer - LiveReload server is running on port 35729
2023-03-04 08:48:37.812 [restartedMain] INFO  org.apache.coyote.http11.Http11NioProtocol - Starting ProtocolHandler ["http-nio-8080"]
2023-03-04 08:48:37.823 [restartedMain] INFO  o.s.boot.web.embedded.tomcat.TomcatWebServer - Tomcat started on port(s): 8080 (http) with context path ''
2023-03-04 08:48:37.824 [restartedMain] INFO  s.d.s.web.plugins.DocumentationPluginsBootstrapper - Context refreshed
2023-03-04 08:48:37.833 [restartedMain] INFO  s.d.s.web.plugins.DocumentationPluginsBootstrapper - Found 1 custom documentation plugin(s)
2023-03-04 08:48:37.851 [restartedMain] INFO  s.d.spring.web.scanners.ApiListingReferenceScanner - Scanning for api listing references
2023-03-04 08:48:37.946 [restartedMain] INFO  com.yutech.back.BackApplication - Started BackApplication in 2.012 seconds (JVM running for 2.657)
2023-03-04 08:49:05.796 [main] INFO  com.yutech.back.TestAutoGenerator - Starting TestAutoGenerator using Java 1.8.0_131 on Qing with PID 50032 (started by yujin in C:\Users\yujin\Desktop\SEProj\back)
2023-03-04 08:49:05.797 [main] INFO  com.yutech.back.TestAutoGenerator - The following 1 profile is active: "dev"
2023-03-04 08:49:05.803 [background-preinit] INFO  org.hibernate.validator.internal.util.Version - HV000001: Hibernate Validator 6.2.5.Final
2023-03-04 08:49:07.698 [main] INFO  s.d.s.w.PropertySourcedRequestMappingHandlerMapping - Mapped URL path [/v2/api-docs] onto method [springfox.documentation.swagger2.web.Swagger2Controller#getDocumentation(String, HttpServletRequest)]
2023-03-04 08:49:08.304 [main] INFO  s.d.s.web.plugins.DocumentationPluginsBootstrapper - Context refreshed
2023-03-04 08:49:08.331 [main] INFO  s.d.s.web.plugins.DocumentationPluginsBootstrapper - Found 1 custom documentation plugin(s)
2023-03-04 08:49:08.370 [main] INFO  s.d.spring.web.scanners.ApiListingReferenceScanner - Scanning for api listing references
2023-03-04 08:49:08.548 [main] INFO  com.yutech.back.TestAutoGenerator - Started TestAutoGenerator in 3.084 seconds (JVM running for 3.8)
