2023-02-25 10:25:18.314 [main] INFO  com.yutech.back.TestAutoGenerator - Starting TestAutoGenerator using Java 1.8.0_131 on Qing with PID 452 (started by yujin in C:\Users\yujin\Desktop\SEProj\back)
2023-02-25 10:25:18.319 [main] INFO  com.yutech.back.TestAutoGenerator - The following 1 profile is active: "dev"
2023-02-25 10:25:20.507 [main] INFO  s.d.s.w.PropertySourcedRequestMappingHandlerMapping - Mapped URL path [/v2/api-docs] onto method [springfox.documentation.swagger2.web.Swagger2Controller#getDocumentation(String, HttpServletRequest)]
2023-02-25 10:25:21.017 [main] INFO  s.d.s.web.plugins.DocumentationPluginsBootstrapper - Context refreshed
2023-02-25 10:25:21.042 [main] INFO  s.d.s.web.plugins.DocumentationPluginsBootstrapper - Found 1 custom documentation plugin(s)
2023-02-25 10:25:21.074 [main] INFO  s.d.spring.web.scanners.ApiListingReferenceScanner - Scanning for api listing references
2023-02-25 10:25:21.214 [main] INFO  com.yutech.back.TestAutoGenerator - Started TestAutoGenerator in 3.17 seconds (JVM running for 3.896)
2023-02-25 10:37:58.990 [main] INFO  com.yutech.back.TestAutoGenerator - Starting TestAutoGenerator using Java 1.8.0_131 on Qing with PID 20304 (started by yujin in C:\Users\yujin\Desktop\SEProj\back)
2023-02-25 10:37:58.992 [main] INFO  com.yutech.back.TestAutoGenerator - The following 1 profile is active: "dev"
2023-02-25 10:38:01.347 [main] INFO  s.d.s.w.PropertySourcedRequestMappingHandlerMapping - Mapped URL path [/v2/api-docs] onto method [springfox.documentation.swagger2.web.Swagger2Controller#getDocumentation(String, HttpServletRequest)]
2023-02-25 10:38:01.857 [main] INFO  s.d.s.web.plugins.DocumentationPluginsBootstrapper - Context refreshed
2023-02-25 10:38:01.883 [main] INFO  s.d.s.web.plugins.DocumentationPluginsBootstrapper - Found 1 custom documentation plugin(s)
2023-02-25 10:38:01.915 [main] INFO  s.d.spring.web.scanners.ApiListingReferenceScanner - Scanning for api listing references
2023-02-25 10:38:02.054 [main] INFO  com.yutech.back.TestAutoGenerator - Started TestAutoGenerator in 3.338 seconds (JVM running for 3.988)
2023-02-25 10:52:05.296 [main] INFO  com.yutech.back.TestAutoGenerator - Starting TestAutoGenerator using Java 1.8.0_131 on Qing with PID 38920 (started by yujin in C:\Users\yujin\Desktop\SEProj\back)
2023-02-25 10:52:05.297 [main] INFO  com.yutech.back.TestAutoGenerator - The following 1 profile is active: "dev"
2023-02-25 10:52:07.541 [main] INFO  s.d.s.w.PropertySourcedRequestMappingHandlerMapping - Mapped URL path [/v2/api-docs] onto method [springfox.documentation.swagger2.web.Swagger2Controller#getDocumentation(String, HttpServletRequest)]
2023-02-25 10:52:08.200 [main] INFO  s.d.s.web.plugins.DocumentationPluginsBootstrapper - Context refreshed
2023-02-25 10:52:08.235 [main] INFO  s.d.s.web.plugins.DocumentationPluginsBootstrapper - Found 1 custom documentation plugin(s)
2023-02-25 10:52:08.265 [main] INFO  s.d.spring.web.scanners.ApiListingReferenceScanner - Scanning for api listing references
2023-02-25 10:52:08.391 [main] INFO  com.yutech.back.TestAutoGenerator - Started TestAutoGenerator in 3.383 seconds (JVM running for 4.113)
2023-02-25 10:52:25.864 [main] INFO  com.yutech.back.BackApplication - Starting BackApplication using Java 1.8.0_131 on Qing with PID 30288 (C:\Users\yujin\Desktop\SEProj\back\target\classes started by yujin in C:\Users\yujin\Desktop\SEProj\back)
2023-02-25 10:52:25.866 [main] INFO  com.yutech.back.BackApplication - The following 1 profile is active: "dev"
2023-02-25 10:52:26.624 [main] INFO  o.s.boot.web.embedded.tomcat.TomcatWebServer - Tomcat initialized with port(s): 8080 (http)
2023-02-25 10:52:26.633 [main] INFO  org.apache.coyote.http11.Http11NioProtocol - Initializing ProtocolHandler ["http-nio-8080"]
2023-02-25 10:52:26.633 [main] INFO  org.apache.catalina.core.StandardService - Starting service [Tomcat]
2023-02-25 10:52:26.634 [main] INFO  org.apache.catalina.core.StandardEngine - Starting Servlet engine: [Apache Tomcat/9.0.71]
2023-02-25 10:52:26.726 [main] INFO  o.a.c.core.ContainerBase.[Tomcat].[localhost].[/] - Initializing Spring embedded WebApplicationContext
2023-02-25 10:52:26.726 [main] INFO  o.s.b.w.s.c.ServletWebServerApplicationContext - Root WebApplicationContext: initialization completed in 833 ms
2023-02-25 10:52:27.630 [main] INFO  s.d.s.w.PropertySourcedRequestMappingHandlerMapping - Mapped URL path [/v2/api-docs] onto method [springfox.documentation.swagger2.web.Swagger2Controller#getDocumentation(String, HttpServletRequest)]
2023-02-25 10:52:27.784 [main] INFO  org.apache.coyote.http11.Http11NioProtocol - Starting ProtocolHandler ["http-nio-8080"]
2023-02-25 10:52:27.795 [main] INFO  o.s.boot.web.embedded.tomcat.TomcatWebServer - Tomcat started on port(s): 8080 (http) with context path ''
2023-02-25 10:52:27.796 [main] INFO  s.d.s.web.plugins.DocumentationPluginsBootstrapper - Context refreshed
2023-02-25 10:52:27.805 [main] INFO  s.d.s.web.plugins.DocumentationPluginsBootstrapper - Found 1 custom documentation plugin(s)
2023-02-25 10:52:27.831 [main] INFO  s.d.spring.web.scanners.ApiListingReferenceScanner - Scanning for api listing references
2023-02-25 10:52:27.914 [main] INFO  com.yutech.back.BackApplication - Started BackApplication in 2.31 seconds (JVM running for 3.059)
2023-02-25 10:52:29.592 [http-nio-8080-exec-1] INFO  o.a.c.core.ContainerBase.[Tomcat].[localhost].[/] - Initializing Spring DispatcherServlet 'dispatcherServlet'
2023-02-25 10:52:29.593 [http-nio-8080-exec-1] INFO  org.springframework.web.servlet.DispatcherServlet - Initializing Servlet 'dispatcherServlet'
2023-02-25 10:52:29.593 [http-nio-8080-exec-1] INFO  org.springframework.web.servlet.DispatcherServlet - Completed initialization in 0 ms
2023-02-25 20:26:19.397 [background-preinit] INFO  org.hibernate.validator.internal.util.Version - HV000001: Hibernate Validator 6.2.5.Final
2023-02-25 20:26:19.406 [restartedMain] INFO  com.yutech.back.BackApplication - Starting BackApplication using Java 1.8.0_131 on Qing with PID 24260 (C:\Users\yujin\Desktop\SEProj\back\target\classes started by yujin in C:\Users\yujin\Desktop\SEProj\back)
2023-02-25 20:26:19.407 [restartedMain] INFO  com.yutech.back.BackApplication - The following 1 profile is active: "dev"
2023-02-25 20:26:19.451 [restartedMain] INFO  o.s.b.d.env.DevToolsPropertyDefaultsPostProcessor - Devtools property defaults active! Set 'spring.devtools.add-properties' to 'false' to disable
2023-02-25 20:26:19.452 [restartedMain] INFO  o.s.b.d.env.DevToolsPropertyDefaultsPostProcessor - For additional web related logging consider setting the 'logging.level.web' property to 'DEBUG'
2023-02-25 20:26:20.466 [restartedMain] INFO  o.s.boot.web.embedded.tomcat.TomcatWebServer - Tomcat initialized with port(s): 8080 (http)
2023-02-25 20:26:20.471 [restartedMain] INFO  org.apache.coyote.http11.Http11NioProtocol - Initializing ProtocolHandler ["http-nio-8080"]
2023-02-25 20:26:20.472 [restartedMain] INFO  org.apache.catalina.core.StandardService - Starting service [Tomcat]
2023-02-25 20:26:20.472 [restartedMain] INFO  org.apache.catalina.core.StandardEngine - Starting Servlet engine: [Apache Tomcat/9.0.71]
2023-02-25 20:26:20.524 [restartedMain] INFO  o.a.c.core.ContainerBase.[Tomcat].[localhost].[/] - Initializing Spring embedded WebApplicationContext
2023-02-25 20:26:20.524 [restartedMain] INFO  o.s.b.w.s.c.ServletWebServerApplicationContext - Root WebApplicationContext: initialization completed in 1072 ms
2023-02-25 20:26:21.482 [restartedMain] INFO  s.d.s.w.PropertySourcedRequestMappingHandlerMapping - Mapped URL path [/v2/api-docs] onto method [springfox.documentation.swagger2.web.Swagger2Controller#getDocumentation(String, HttpServletRequest)]
2023-02-25 20:26:21.553 [restartedMain] INFO  o.s.b.d.autoconfigure.OptionalLiveReloadServer - LiveReload server is running on port 35729
2023-02-25 20:26:21.643 [restartedMain] INFO  org.apache.coyote.http11.Http11NioProtocol - Starting ProtocolHandler ["http-nio-8080"]
2023-02-25 20:26:21.652 [restartedMain] INFO  o.s.boot.web.embedded.tomcat.TomcatWebServer - Tomcat started on port(s): 8080 (http) with context path ''
2023-02-25 20:26:21.653 [restartedMain] INFO  s.d.s.web.plugins.DocumentationPluginsBootstrapper - Context refreshed
2023-02-25 20:26:21.663 [restartedMain] INFO  s.d.s.web.plugins.DocumentationPluginsBootstrapper - Found 1 custom documentation plugin(s)
2023-02-25 20:26:21.678 [restartedMain] INFO  s.d.spring.web.scanners.ApiListingReferenceScanner - Scanning for api listing references
2023-02-25 20:26:21.771 [restartedMain] INFO  com.yutech.back.BackApplication - Started BackApplication in 2.683 seconds (JVM running for 3.405)
